

Report
======
2255 statements analysed.

Statistics by type
------------------

+---------+-------+-----------+-----------+------------+---------+
|type     |number |old number |difference |%documented |%badname |
+=========+=======+===========+===========+============+=========+
|module   |42     |42         |=          |100.00      |0.00     |
+---------+-------+-----------+-----------+------------+---------+
|class    |17     |17         |=          |100.00      |0.00     |
+---------+-------+-----------+-----------+------------+---------+
|method   |0      |NC         |NC         |0           |0        |
+---------+-------+-----------+-----------+------------+---------+
|function |0      |NC         |NC         |0           |0        |
+---------+-------+-----------+-----------+------------+---------+



6269 lines have been analyzed

Raw metrics
-----------

+----------+-------+------+---------+-----------+
|type      |number |%     |previous |difference |
+==========+=======+======+=========+===========+
|code      |4165   |66.44 |4165     |=          |
+----------+-------+------+---------+-----------+
|docstring |863    |13.77 |863      |=          |
+----------+-------+------+---------+-----------+
|comment   |320    |5.10  |320      |=          |
+----------+-------+------+---------+-----------+
|empty     |921    |14.69 |921      |=          |
+----------+-------+------+---------+-----------+



Duplication
-----------

+-------------------------+------+---------+-----------+
|                         |now   |previous |difference |
+=========================+======+=========+===========+
|nb duplicated lines      |0     |0        |0          |
+-------------------------+------+---------+-----------+
|percent duplicated lines |0.000 |0.000    |=          |
+-------------------------+------+---------+-----------+



Messages by category
--------------------

+-----------+-------+---------+-----------+
|type       |number |previous |difference |
+===========+=======+=========+===========+
|convention |0      |0        |0          |
+-----------+-------+---------+-----------+
|refactor   |0      |0        |0          |
+-----------+-------+---------+-----------+
|warning    |0      |0        |0          |
+-----------+-------+---------+-----------+
|error      |0      |0        |0          |
+-----------+-------+---------+-----------+



Messages
--------

+-----------+------------+
|message id |occurrences |
+===========+============+




--------------------------------------------------------------------
Your code has been rated at 10.00/10 (previous run: 10.00/10, +0.00)

